[debug] [2018-07-12T21:34:42.550Z] ----------------------------------------------------------------------
[debug] [2018-07-12T21:34:42.567Z] Command:       E:\nodejs\node.exe C:\Users\Lenovo\AppData\Roaming\npm\node_modules\firebase-tools\bin\firebase serve
[debug] [2018-07-12T21:34:42.567Z] CLI Version:   3.19.3
[debug] [2018-07-12T21:34:42.567Z] Platform:      win32
[debug] [2018-07-12T21:34:42.567Z] Node Version:  v8.11.3
[debug] [2018-07-12T21:34:43.100Z] Time:          Fri Jul 13 2018 02:34:42 GMT+0500 (Pakistan Standard Time)
[debug] [2018-07-12T21:34:43.100Z] ----------------------------------------------------------------------
[debug] 
[debug] [2018-07-12T21:34:43.239Z] > command requires scopes: ["email","openid","https://www.googleapis.com/auth/cloudplatformprojects.readonly","https://www.googleapis.com/auth/firebase","https://www.googleapis.com/auth/cloud-platform"]
[debug] [2018-07-12T21:34:43.239Z] > authorizing via signed-in user
[debug] [2018-07-12T21:34:43.244Z] >>> HTTP REQUEST GET https://admin.firebase.com/v1/projects/olx-hackathon  
  
 Fri Jul 13 2018 02:34:43 GMT+0500 (Pakistan Standard Time)
[debug] [2018-07-12T21:34:44.391Z] <<< HTTP RESPONSE 200
[debug] [2018-07-12T21:34:44.392Z] >>> HTTP REQUEST GET https://admin.firebase.com/v1/database/olx-hackathon/tokens  
  
 Fri Jul 13 2018 02:34:44 GMT+0500 (Pakistan Standard Time)
[debug] [2018-07-12T21:34:45.941Z] <<< HTTP RESPONSE 200
[debug] [2018-07-12T21:34:45.942Z] >>> HTTP REQUEST GET https://cloudresourcemanager.googleapis.com/v1/projects/olx-hackathon  
  
 Fri Jul 13 2018 02:34:45 GMT+0500 (Pakistan Standard Time)
[debug] [2018-07-12T21:34:47.529Z] <<< HTTP RESPONSE 200
[info] 
[info] === Serving from 'C:\Users\Lenovo\Desktop\olx-pwa'...
[info] 
[info] i  functions: Preparing to emulate functions.
[debug] [2018-07-12T21:35:15.186Z] Fetching environment
[debug] [2018-07-12T21:35:15.192Z] >>> HTTP REQUEST GET https://mobilesdk-pa.googleapis.com/v1/projects/541854613995:getServerAppConfig  
  
 Fri Jul 13 2018 02:35:15 GMT+0500 (Pakistan Standard Time)
[debug] [2018-07-12T21:35:15.193Z] >>> HTTP REQUEST GET https://mobilesdk-pa.googleapis.com/v1/projects/541854613995/clients/_:getWebAppConfig  
  
 Fri Jul 13 2018 02:35:15 GMT+0500 (Pakistan Standard Time)
[debug] [2018-07-12T21:35:17.037Z] <<< HTTP RESPONSE 200
[debug] [2018-07-12T21:35:17.382Z] <<< HTTP RESPONSE 200
[debug] [2018-07-12T21:35:17.382Z] Starting @google-cloud/functions-emulator
[info] i  hosting: Serving hosting files from: public
[info] +  hosting: Local server: http://localhost:5000

[debug] [2018-07-12T21:35:36.119Z] Parsing function triggers
[info] +  functions: helloWorld: http://localhost:5001/olx-hackathon/us-central1/helloWorld
[info] +  functions: sendNotification: http://localhost:5001/olx-hackathon/us-central1/sendNotification
[debug] [2018-07-13T04:15:06.036Z] ----------------------------------------------------------------------
[debug] [2018-07-13T04:15:06.073Z] Command:       E:\nodejs\node.exe C:\Users\Lenovo\AppData\Roaming\npm\node_modules\firebase-tools\bin\firebase serve
[debug] [2018-07-13T04:15:06.073Z] CLI Version:   3.19.3
[debug] [2018-07-13T04:15:06.073Z] Platform:      win32
[debug] [2018-07-13T04:15:06.073Z] Node Version:  v8.11.3
[debug] [2018-07-13T04:15:06.074Z] Time:          Fri Jul 13 2018 09:15:06 GMT+0500 (Pakistan Standard Time)
[debug] [2018-07-13T04:15:06.074Z] ----------------------------------------------------------------------
[debug] 
[debug] [2018-07-13T04:15:06.201Z] > command requires scopes: ["email","openid","https://www.googleapis.com/auth/cloudplatformprojects.readonly","https://www.googleapis.com/auth/firebase","https://www.googleapis.com/auth/cloud-platform"]
[debug] [2018-07-13T04:15:06.202Z] > authorizing via signed-in user
[debug] [2018-07-13T04:15:06.205Z] > refreshing access token with scopes: ["email","https://www.googleapis.com/auth/cloud-platform","https://www.googleapis.com/auth/cloudplatformprojects.readonly","https://www.googleapis.com/auth/firebase","openid"]
[debug] [2018-07-13T04:15:06.205Z] >>> HTTP REQUEST POST https://www.googleapis.com/oauth2/v3/token  
 { refresh_token: '1/MHhVc3s13skhH1Gq_2nHkCcTaiaO5gDhStED6e753cg',
  client_id: '563584335869-fgrhgmd47bqnekij5i8b5pr03ho849e6.apps.googleusercontent.com',
  client_secret: 'j9iVZfS8kkCEFUPaAeJV0sAi',
  grant_type: 'refresh_token',
  scope: 'email https://www.googleapis.com/auth/cloud-platform https://www.googleapis.com/auth/cloudplatformprojects.readonly https://www.googleapis.com/auth/firebase openid' } 
 Fri Jul 13 2018 09:15:06 GMT+0500 (Pakistan Standard Time)
[debug] [2018-07-13T04:15:06.888Z] <<< HTTP RESPONSE 200
[debug] [2018-07-13T04:15:06.973Z] >>> HTTP REQUEST GET https://admin.firebase.com/v1/projects/olx-hackathon  
  
 Fri Jul 13 2018 09:15:06 GMT+0500 (Pakistan Standard Time)
[debug] [2018-07-13T04:15:07.990Z] <<< HTTP RESPONSE 200
[debug] [2018-07-13T04:15:07.992Z] >>> HTTP REQUEST GET https://admin.firebase.com/v1/database/olx-hackathon/tokens  
  
 Fri Jul 13 2018 09:15:07 GMT+0500 (Pakistan Standard Time)
[debug] [2018-07-13T04:15:08.876Z] <<< HTTP RESPONSE 200
[debug] [2018-07-13T04:15:08.878Z] >>> HTTP REQUEST GET https://cloudresourcemanager.googleapis.com/v1/projects/olx-hackathon  
  
 Fri Jul 13 2018 09:15:08 GMT+0500 (Pakistan Standard Time)
[debug] [2018-07-13T04:15:10.529Z] <<< HTTP RESPONSE 200
[info] 
[info] === Serving from 'C:\Users\Lenovo\Desktop\olx-pwa'...
[info] 
[info] i  functions: Preparing to emulate functions.
[debug] [2018-07-13T04:16:43.226Z] Fetching environment
[debug] [2018-07-13T04:16:43.279Z] >>> HTTP REQUEST GET https://mobilesdk-pa.googleapis.com/v1/projects/541854613995:getServerAppConfig  
  
 Fri Jul 13 2018 09:16:43 GMT+0500 (Pakistan Standard Time)
[debug] [2018-07-13T04:16:43.279Z] >>> HTTP REQUEST GET https://mobilesdk-pa.googleapis.com/v1/projects/541854613995/clients/_:getWebAppConfig  
  
 Fri Jul 13 2018 09:16:43 GMT+0500 (Pakistan Standard Time)
[debug] [2018-07-13T04:16:44.374Z] <<< HTTP RESPONSE 200
[debug] [2018-07-13T04:16:44.375Z] Starting @google-cloud/functions-emulator
[debug] [2018-07-13T04:16:44.472Z] <<< HTTP RESPONSE 200
[info] i  hosting: Serving hosting files from: public
[info] +  hosting: Local server: http://localhost:5000

[debug] [2018-07-13T04:17:00.068Z] Parsing function triggers
[info] +  functions: sendNotification: http://localhost:5001/olx-hackathon/us-central1/sendNotification
[info] +  functions: helloWorld: http://localhost:5001/olx-hackathon/us-central1/helloWorld
